{
  "stats": {
    "suites": 1,
    "tests": 4,
    "passes": 4,
    "pending": 0,
    "failures": 0,
    "start": "2024-10-11T12:04:13.738Z",
    "end": "2024-10-11T12:05:41.060Z",
    "duration": 87322,
    "testsRegistered": 4,
    "passPercent": 100,
    "pendingPercent": 0,
    "other": 0,
    "hasOther": false,
    "skipped": 0,
    "hasSkipped": false
  },
  "results": [
    {
      "uuid": "ce987e0d-edf1-4287-b5be-c8cbb513d90c",
      "title": "",
      "fullFile": "cypress\\integration\\UI_search_spec.ts",
      "file": "cypress\\integration\\UI_search_spec.ts",
      "beforeHooks": [],
      "afterHooks": [],
      "tests": [],
      "suites": [
        {
          "uuid": "6f7bfcbe-11c1-4289-88ca-03c43a120d3a",
          "title": "UI Search Functionality",
          "fullFile": "",
          "file": "",
          "beforeHooks": [],
          "afterHooks": [],
          "tests": [
            {
              "title": "Search with valid data",
              "fullTitle": "UI Search Functionality Search with valid data",
              "timedOut": null,
              "duration": 22455,
              "state": "passed",
              "speed": "slow",
              "pass": true,
              "fail": false,
              "pending": false,
              "context": null,
              "code": "const searchElement = 'Casino';\ncy.log(`Search with valid data: ${searchElement}`);\n_pages_UI_searchPage__WEBPACK_IMPORTED_MODULE_0__[\"default\"].clickSearchIcon(); // Click the search icon \n_pages_UI_searchPage__WEBPACK_IMPORTED_MODULE_0__[\"default\"].verifySearchText(); // Verify the search text placeholder    \n_pages_UI_searchPage__WEBPACK_IMPORTED_MODULE_0__[\"default\"].typeSearchInput(searchElement); // Type the search input  \n_pages_UI_searchPage__WEBPACK_IMPORTED_MODULE_0__[\"default\"].verifySearchResultsContain(searchElement); // Verify that search results contain the search element",
              "err": {},
              "uuid": "4e6b4610-4014-49c5-b6ea-81f857ab2690",
              "parentUUID": "6f7bfcbe-11c1-4289-88ca-03c43a120d3a",
              "isHook": false,
              "skipped": false
            },
            {
              "title": "Search with invalid data",
              "fullTitle": "UI Search Functionality Search with invalid data",
              "timedOut": null,
              "duration": 22680,
              "state": "passed",
              "speed": "slow",
              "pass": true,
              "fail": false,
              "pending": false,
              "context": null,
              "code": "const searchElement = _pages_UI_searchPage__WEBPACK_IMPORTED_MODULE_0__[\"default\"].getRandomString(6);\ncy.log(`Search with invalid data: ${searchElement}`);\n_pages_UI_searchPage__WEBPACK_IMPORTED_MODULE_0__[\"default\"].clickSearchIcon(); // Click the search icon\n_pages_UI_searchPage__WEBPACK_IMPORTED_MODULE_0__[\"default\"].typeSearchInput(searchElement); // Type the search input  \n_pages_UI_searchPage__WEBPACK_IMPORTED_MODULE_0__[\"default\"].verifyNoResultsFound(); // Verify that no results are found",
              "err": {},
              "uuid": "bea84d30-189e-4566-9f64-4ad024455128",
              "parentUUID": "6f7bfcbe-11c1-4289-88ca-03c43a120d3a",
              "isHook": false,
              "skipped": false
            },
            {
              "title": "Search with empty data",
              "fullTitle": "UI Search Functionality Search with empty data",
              "timedOut": null,
              "duration": 10310,
              "state": "passed",
              "speed": "slow",
              "pass": true,
              "fail": false,
              "pending": false,
              "context": null,
              "code": "const searchElement = '';\ncy.log('Search with empty data');\n// Store elements before the search\n_pages_UI_searchPage__WEBPACK_IMPORTED_MODULE_0__[\"default\"].storeInitialElements().then((initialElements) => {\n    _pages_UI_searchPage__WEBPACK_IMPORTED_MODULE_0__[\"default\"].clickSearchIcon(); // Click the search icon\n    _pages_UI_searchPage__WEBPACK_IMPORTED_MODULE_0__[\"default\"].typeSearchInput(searchElement); // Type the empty search input    \n    _pages_UI_searchPage__WEBPACK_IMPORTED_MODULE_0__[\"default\"].verifyEmptySearchResultsContain(searchElement, initialElements); // Verify search results after the search\n});",
              "err": {},
              "uuid": "0917b45b-c487-4a67-990b-f39e8ecbf9ba",
              "parentUUID": "6f7bfcbe-11c1-4289-88ca-03c43a120d3a",
              "isHook": false,
              "skipped": false
            },
            {
              "title": "Search with special characters data",
              "fullTitle": "UI Search Functionality Search with special characters data",
              "timedOut": null,
              "duration": 19232,
              "state": "passed",
              "speed": "slow",
              "pass": true,
              "fail": false,
              "pending": false,
              "context": null,
              "code": "const searchElement = _pages_UI_searchPage__WEBPACK_IMPORTED_MODULE_0__[\"default\"].getRandomString(3) + '$#';\ncy.log(`Search with special characters: ${searchElement}`);\n_pages_UI_searchPage__WEBPACK_IMPORTED_MODULE_0__[\"default\"].clickSearchIcon(); // Click the search icon\n_pages_UI_searchPage__WEBPACK_IMPORTED_MODULE_0__[\"default\"].typeSearchInput(searchElement); // Type the search input\n_pages_UI_searchPage__WEBPACK_IMPORTED_MODULE_0__[\"default\"].verifyNoResultsFound(); // Verify that no results are found",
              "err": {},
              "uuid": "9ab8729e-aa00-40fa-9f8a-6eb496785588",
              "parentUUID": "6f7bfcbe-11c1-4289-88ca-03c43a120d3a",
              "isHook": false,
              "skipped": false
            }
          ],
          "suites": [],
          "passes": [
            "4e6b4610-4014-49c5-b6ea-81f857ab2690",
            "bea84d30-189e-4566-9f64-4ad024455128",
            "0917b45b-c487-4a67-990b-f39e8ecbf9ba",
            "9ab8729e-aa00-40fa-9f8a-6eb496785588"
          ],
          "failures": [],
          "pending": [],
          "skipped": [],
          "duration": 74677,
          "root": false,
          "rootEmpty": false,
          "_timeout": 2000
        }
      ],
      "passes": [],
      "failures": [],
      "pending": [],
      "skipped": [],
      "duration": 0,
      "root": true,
      "rootEmpty": true,
      "_timeout": 2000
    }
  ],
  "meta": {
    "mocha": {
      "version": "7.0.1"
    },
    "mochawesome": {
      "options": {
        "quiet": false,
        "reportFilename": "mochawesome",
        "saveHtml": true,
        "saveJson": true,
        "consoleReporter": "spec",
        "useInlineDiffs": false,
        "code": true
      },
      "version": "7.1.3"
    },
    "marge": {
      "options": {
        "reportDir": "results",
        "overwrite": false,
        "html": true,
        "json": true
      },
      "version": "6.2.0"
    }
  }
}